<?xml version="1.0" encoding="UTF-8"?>
<!-- Generated by org.testng.reporters.JUnitXMLReporter -->
<testsuite ignored="0" hostname="LAPTOP-Q5PI5ONK" failures="0" tests="3" name="Test" time="5.261" errors="0" timestamp="02 Mar 2021 04:30:47 GMT">
  <testcase classname="com.gmail.pages.Base" name="@BeforeClass configBeforeClass" time="0.0">
    <failure type="org.openqa.selenium.SessionNotCreatedException" message="session not created: This version of ChromeDriver only supports Chrome version 86
Current browser version is 88.0.4324.190 with binary path C:\Program Files (x86)\Google\Chrome\Application\chrome.exe
Build info: version: &amp;apos;3.14.0&amp;apos;, revision: &amp;apos;aacccce0&amp;apos;, time: &amp;apos;2018-08-02T20:19:58.91Z&amp;apos;
System info: host: &amp;apos;LAPTOP-Q5PI5ONK&amp;apos;, ip: &amp;apos;192.168.174.2&amp;apos;, os.name: &amp;apos;Windows 10&amp;apos;, os.arch: &amp;apos;amd64&amp;apos;, os.version: &amp;apos;10.0&amp;apos;, java.version: &amp;apos;14.0.2&amp;apos;
Driver info: driver.version: ChromeDriver
remote stacktrace: Backtrace:
	Ordinal0 [0x0115C013+3194899]
	Ordinal0 [0x01046021+2056225]
	Ordinal0 [0x00EDF608+587272]
	Ordinal0 [0x00E61BF3+72691]
	Ordinal0 [0x00E5E229+57897]
	Ordinal0 [0x00E5C64A+50762]
	Ordinal0 [0x00E81EE9+204521]
	Ordinal0 [0x00E81D0D+204045]
	Ordinal0 [0x00E7FC1B+195611]
	Ordinal0 [0x00E63B7F+80767]
	Ordinal0 [0x00E64B4E+84814]
	Ordinal0 [0x00E64AD9+84697]
	Ordinal0 [0x0105CE64+2149988]
	GetHandleVerifier [0x012CBE95+1400773]
	GetHandleVerifier [0x012CBB61+1399953]
	GetHandleVerifier [0x012D31FA+1430314]
	GetHandleVerifier [0x012CC69F+1402831]
	Ordinal0 [0x01053D61+2112865]
	Ordinal0 [0x0105E5CB+2155979]
	Ordinal0 [0x0105E6F5+2156277]
	Ordinal0 [0x0106F26E+2224750]
	BaseThreadInitThunk [0x76336359+25]
	RtlGetAppContainerNamedObjectPath [0x776F8944+228]
	RtlGetAppContainerNamedObjectPath [0x776F8914+180]
">
      <![CDATA[org.openqa.selenium.SessionNotCreatedException: session not created: This version of ChromeDriver only supports Chrome version 86
Current browser version is 88.0.4324.190 with binary path C:\Program Files (x86)\Google\Chrome\Application\chrome.exe
Build info: version: '3.14.0', revision: 'aacccce0', time: '2018-08-02T20:19:58.91Z'
System info: host: 'LAPTOP-Q5PI5ONK', ip: '192.168.174.2', os.name: 'Windows 10', os.arch: 'amd64', os.version: '10.0', java.version: '14.0.2'
Driver info: driver.version: ChromeDriver
remote stacktrace: Backtrace:
	Ordinal0 [0x0115C013+3194899]
	Ordinal0 [0x01046021+2056225]
	Ordinal0 [0x00EDF608+587272]
	Ordinal0 [0x00E61BF3+72691]
	Ordinal0 [0x00E5E229+57897]
	Ordinal0 [0x00E5C64A+50762]
	Ordinal0 [0x00E81EE9+204521]
	Ordinal0 [0x00E81D0D+204045]
	Ordinal0 [0x00E7FC1B+195611]
	Ordinal0 [0x00E63B7F+80767]
	Ordinal0 [0x00E64B4E+84814]
	Ordinal0 [0x00E64AD9+84697]
	Ordinal0 [0x0105CE64+2149988]
	GetHandleVerifier [0x012CBE95+1400773]
	GetHandleVerifier [0x012CBB61+1399953]
	GetHandleVerifier [0x012D31FA+1430314]
	GetHandleVerifier [0x012CC69F+1402831]
	Ordinal0 [0x01053D61+2112865]
	Ordinal0 [0x0105E5CB+2155979]
	Ordinal0 [0x0105E6F5+2156277]
	Ordinal0 [0x0106F26E+2224750]
	BaseThreadInitThunk [0x76336359+25]
	RtlGetAppContainerNamedObjectPath [0x776F8944+228]
	RtlGetAppContainerNamedObjectPath [0x776F8914+180]

	at org.openqa.selenium.remote.W3CHandshakeResponse.lambda$new$0(W3CHandshakeResponse.java:57)
	at org.openqa.selenium.remote.W3CHandshakeResponse.lambda$getResponseFunction$2(W3CHandshakeResponse.java:104)
	at org.openqa.selenium.remote.ProtocolHandshake.lambda$createSession$0(ProtocolHandshake.java:122)
	at java.base/java.util.stream.ReferencePipeline$3$1.accept(ReferencePipeline.java:195)
	at java.base/java.util.Spliterators$ArraySpliterator.tryAdvance(Spliterators.java:958)
	at java.base/java.util.stream.ReferencePipeline.forEachWithCancel(ReferencePipeline.java:127)
	at java.base/java.util.stream.AbstractPipeline.copyIntoWithCancel(AbstractPipeline.java:502)
	at java.base/java.util.stream.AbstractPipeline.copyInto(AbstractPipeline.java:488)
	at java.base/java.util.stream.AbstractPipeline.wrapAndCopyInto(AbstractPipeline.java:474)
	at java.base/java.util.stream.FindOps$FindOp.evaluateSequential(FindOps.java:150)
	at java.base/java.util.stream.AbstractPipeline.evaluate(AbstractPipeline.java:234)
	at java.base/java.util.stream.ReferencePipeline.findFirst(ReferencePipeline.java:543)
	at org.openqa.selenium.remote.ProtocolHandshake.createSession(ProtocolHandshake.java:125)
	at org.openqa.selenium.remote.ProtocolHandshake.createSession(ProtocolHandshake.java:73)
	at org.openqa.selenium.remote.HttpCommandExecutor.execute(HttpCommandExecutor.java:136)
	at org.openqa.selenium.remote.service.DriverCommandExecutor.execute(DriverCommandExecutor.java:83)
	at org.openqa.selenium.remote.RemoteWebDriver.execute(RemoteWebDriver.java:548)
	at org.openqa.selenium.remote.RemoteWebDriver.startSession(RemoteWebDriver.java:212)
	at org.openqa.selenium.remote.RemoteWebDriver.<init>(RemoteWebDriver.java:130)
	at org.openqa.selenium.chrome.ChromeDriver.<init>(ChromeDriver.java:181)
	at org.openqa.selenium.chrome.ChromeDriver.<init>(ChromeDriver.java:168)
	at org.openqa.selenium.chrome.ChromeDriver.<init>(ChromeDriver.java:157)
	at com.gmail.utility.BrowserFactory.startApplication(BrowserFactory.java:19)
	at com.gmail.pages.Base.configBeforeClass(Base.java:43)
... Removed 30 stack frames]]>
    </failure>
  </testcase> <!-- @BeforeClass configBeforeClass -->
  <testcase classname="com.gmail.pages.Base" name="@BeforeMethod configBeforeMtd" time="0.0">
    <skipped/>
  </testcase> <!-- @BeforeMethod configBeforeMtd -->
  <testcase classname="com.gmail.pages.Base" name="@AfterMethod configAfterMtd" time="0.0">
    <skipped/>
  </testcase> <!-- @AfterMethod configAfterMtd -->
  <testcase classname="com.gmail.pages.Base" name="@BeforeMethod configBeforeMtd" time="0.0">
    <skipped/>
  </testcase> <!-- @BeforeMethod configBeforeMtd -->
  <testcase classname="com.gmail.pages.Base" name="@AfterMethod configAfterMtd" time="0.0">
    <skipped/>
  </testcase> <!-- @AfterMethod configAfterMtd -->
  <testcase classname="com.gmail.pages.Base" name="@BeforeMethod configBeforeMtd" time="0.0">
    <skipped/>
  </testcase> <!-- @BeforeMethod configBeforeMtd -->
  <testcase classname="com.gmail.pages.Base" name="@AfterMethod configAfterMtd" time="0.0">
    <skipped/>
  </testcase> <!-- @AfterMethod configAfterMtd -->
  <testcase classname="com.gmail.pages.Base" name="@AfterClass configAfterClass" time="0.0">
    <skipped/>
  </testcase> <!-- @AfterClass configAfterClass -->
  <testcase classname="com.gmail.testCase.LoginTestCRM" name="loginApp" time="0.004">
    <skipped/>
  </testcase> <!-- loginApp -->
  <testcase classname="com.gmail.testCase.LoginTestCRM" name="mailCount" time="0.004">
    <skipped/>
  </testcase> <!-- mailCount -->
  <testcase classname="com.gmail.testCase.LoginTestCRM" name="sender" time="0.004">
    <skipped/>
  </testcase> <!-- sender -->
</testsuite> <!-- Test -->
