<!DOCTYPE html PUBLIC "-//W3C//DTD XHTML 1.1//EN" "http://www.w3.org/TR/xhtml11/DTD/xhtml11.dtd">
<html xmlns="http://www.w3.org/1999/xhtml"><head><title>TestNG Report</title><style type="text/css">table {margin-bottom:10px;border-collapse:collapse;empty-cells:show}th,td {border:1px solid #009;padding:.25em .5em}th {vertical-align:bottom}td {vertical-align:top}table a {font-weight:bold}.stripe td {background-color: #E6EBF9}.num {text-align:right}.passedodd td {background-color: #3F3}.passedeven td {background-color: #0A0}.skippedodd td {background-color: #DDD}.skippedeven td {background-color: #CCC}.failedodd td,.attn {background-color: #F33}.failedeven td,.stripe .attn {background-color: #D00}.stacktrace {white-space:pre;font-family:monospace}.totop {font-size:85%;text-align:center;border-bottom:2px solid #000}</style></head><body><table><tr><th>Test</th><th># Passed</th><th># Skipped</th><th># Failed</th><th>Time (ms)</th><th>Included Groups</th><th>Excluded Groups</th></tr><tr><th colspan="7">Suite</th></tr><tr><td><a href="#t0">Test</a></td><td class="num">0</td><td class="num attn">3</td><td class="num">0</td><td class="num">5,261</td><td></td><td></td></tr></table><table><thead><tr><th>Class</th><th>Method</th><th>Start</th><th>Time (ms)</th></tr></thead><tbody><tr><th colspan="4">Suite</th></tr></tbody><tbody id="t0"><tr><th colspan="4">Test &#8212; failed (configuration methods)</th></tr><tr class="failedeven"><td rowspan="1">com.gmail.testCase.LoginTestCRM</td><td><a href="#m0">configBeforeClass</a></td><td rowspan="1">1614659442217</td><td rowspan="1">0</td></tr><tr><th colspan="4">Test &#8212; skipped (configuration methods)</th></tr><tr class="skippedeven"><td rowspan="7">com.gmail.testCase.LoginTestCRM</td><td><a href="#m1">configAfterClass</a></td><td rowspan="1">1614659447457</td><td rowspan="1">0</td></tr><tr class="skippedeven"><td><a href="#m2">configAfterMtd</a></td><td rowspan="3">1614659447411</td><td rowspan="3">0</td></tr><tr class="skippedeven"><td><a href="#m3">configAfterMtd</a></td></tr><tr class="skippedeven"><td><a href="#m4">configAfterMtd</a></td></tr><tr class="skippedeven"><td><a href="#m5">configBeforeMtd</a></td><td rowspan="3">1614659447415</td><td rowspan="3">0</td></tr><tr class="skippedeven"><td><a href="#m6">configBeforeMtd</a></td></tr><tr class="skippedeven"><td><a href="#m7">configBeforeMtd</a></td></tr><tr><th colspan="4">Test &#8212; skipped</th></tr><tr class="skippedeven"><td rowspan="3">com.gmail.testCase.LoginTestCRM</td><td><a href="#m8">loginApp</a></td><td rowspan="1">1614659447397</td><td rowspan="1">4</td></tr><tr class="skippedeven"><td><a href="#m9">mailCount</a></td><td rowspan="1">1614659447419</td><td rowspan="1">4</td></tr><tr class="skippedeven"><td><a href="#m10">sender</a></td><td rowspan="1">1614659447441</td><td rowspan="1">4</td></tr></tbody></table><h2>Test</h2><h3 id="m0">com.gmail.testCase.LoginTestCRM#configBeforeClass</h3><table class="result"><tr><th>Exception</th></tr><tr><td><div class="stacktrace">org.openqa.selenium.SessionNotCreatedException: session not created: This version of ChromeDriver only supports Chrome version 86
Current browser version is 88.0.4324.190 with binary path C:\Program Files (x86)\Google\Chrome\Application\chrome.exe
Build info: version: &apos;3.14.0&apos;, revision: &apos;aacccce0&apos;, time: &apos;2018-08-02T20:19:58.91Z&apos;
System info: host: &apos;LAPTOP-Q5PI5ONK&apos;, ip: &apos;192.168.174.2&apos;, os.name: &apos;Windows 10&apos;, os.arch: &apos;amd64&apos;, os.version: &apos;10.0&apos;, java.version: &apos;14.0.2&apos;
Driver info: driver.version: ChromeDriver
remote stacktrace: Backtrace:
	Ordinal0 [0x0115C013+3194899]
	Ordinal0 [0x01046021+2056225]
	Ordinal0 [0x00EDF608+587272]
	Ordinal0 [0x00E61BF3+72691]
	Ordinal0 [0x00E5E229+57897]
	Ordinal0 [0x00E5C64A+50762]
	Ordinal0 [0x00E81EE9+204521]
	Ordinal0 [0x00E81D0D+204045]
	Ordinal0 [0x00E7FC1B+195611]
	Ordinal0 [0x00E63B7F+80767]
	Ordinal0 [0x00E64B4E+84814]
	Ordinal0 [0x00E64AD9+84697]
	Ordinal0 [0x0105CE64+2149988]
	GetHandleVerifier [0x012CBE95+1400773]
	GetHandleVerifier [0x012CBB61+1399953]
	GetHandleVerifier [0x012D31FA+1430314]
	GetHandleVerifier [0x012CC69F+1402831]
	Ordinal0 [0x01053D61+2112865]
	Ordinal0 [0x0105E5CB+2155979]
	Ordinal0 [0x0105E6F5+2156277]
	Ordinal0 [0x0106F26E+2224750]
	BaseThreadInitThunk [0x76336359+25]
	RtlGetAppContainerNamedObjectPath [0x776F8944+228]
	RtlGetAppContainerNamedObjectPath [0x776F8914+180]

	at org.openqa.selenium.remote.W3CHandshakeResponse.lambda$new$0(W3CHandshakeResponse.java:57)
	at org.openqa.selenium.remote.W3CHandshakeResponse.lambda$getResponseFunction$2(W3CHandshakeResponse.java:104)
	at org.openqa.selenium.remote.ProtocolHandshake.lambda$createSession$0(ProtocolHandshake.java:122)
	at java.base/java.util.stream.ReferencePipeline$3$1.accept(ReferencePipeline.java:195)
	at java.base/java.util.Spliterators$ArraySpliterator.tryAdvance(Spliterators.java:958)
	at java.base/java.util.stream.ReferencePipeline.forEachWithCancel(ReferencePipeline.java:127)
	at java.base/java.util.stream.AbstractPipeline.copyIntoWithCancel(AbstractPipeline.java:502)
	at java.base/java.util.stream.AbstractPipeline.copyInto(AbstractPipeline.java:488)
	at java.base/java.util.stream.AbstractPipeline.wrapAndCopyInto(AbstractPipeline.java:474)
	at java.base/java.util.stream.FindOps$FindOp.evaluateSequential(FindOps.java:150)
	at java.base/java.util.stream.AbstractPipeline.evaluate(AbstractPipeline.java:234)
	at java.base/java.util.stream.ReferencePipeline.findFirst(ReferencePipeline.java:543)
	at org.openqa.selenium.remote.ProtocolHandshake.createSession(ProtocolHandshake.java:125)
	at org.openqa.selenium.remote.ProtocolHandshake.createSession(ProtocolHandshake.java:73)
	at org.openqa.selenium.remote.HttpCommandExecutor.execute(HttpCommandExecutor.java:136)
	at org.openqa.selenium.remote.service.DriverCommandExecutor.execute(DriverCommandExecutor.java:83)
	at org.openqa.selenium.remote.RemoteWebDriver.execute(RemoteWebDriver.java:548)
	at org.openqa.selenium.remote.RemoteWebDriver.startSession(RemoteWebDriver.java:212)
	at org.openqa.selenium.remote.RemoteWebDriver.&lt;init&gt;(RemoteWebDriver.java:130)
	at org.openqa.selenium.chrome.ChromeDriver.&lt;init&gt;(ChromeDriver.java:181)
	at org.openqa.selenium.chrome.ChromeDriver.&lt;init&gt;(ChromeDriver.java:168)
	at org.openqa.selenium.chrome.ChromeDriver.&lt;init&gt;(ChromeDriver.java:157)
	at com.gmail.utility.BrowserFactory.startApplication(BrowserFactory.java:19)
	at com.gmail.pages.Base.configBeforeClass(Base.java:43)
... Removed 30 stack frames</div></td></tr></table><p class="totop"><a href="#summary">back to summary</a></p><h3 id="m1">com.gmail.testCase.LoginTestCRM#configAfterClass</h3><table class="result"></table><p class="totop"><a href="#summary">back to summary</a></p><h3 id="m2">com.gmail.testCase.LoginTestCRM#configAfterMtd</h3><table class="result"></table><p class="totop"><a href="#summary">back to summary</a></p><h3 id="m3">com.gmail.testCase.LoginTestCRM#configAfterMtd</h3><table class="result"></table><p class="totop"><a href="#summary">back to summary</a></p><h3 id="m4">com.gmail.testCase.LoginTestCRM#configAfterMtd</h3><table class="result"></table><p class="totop"><a href="#summary">back to summary</a></p><h3 id="m5">com.gmail.testCase.LoginTestCRM#configBeforeMtd</h3><table class="result"></table><p class="totop"><a href="#summary">back to summary</a></p><h3 id="m6">com.gmail.testCase.LoginTestCRM#configBeforeMtd</h3><table class="result"></table><p class="totop"><a href="#summary">back to summary</a></p><h3 id="m7">com.gmail.testCase.LoginTestCRM#configBeforeMtd</h3><table class="result"></table><p class="totop"><a href="#summary">back to summary</a></p><h3 id="m8">com.gmail.testCase.LoginTestCRM#loginApp</h3><table class="result"><tr><th>Exception</th></tr><tr><td><div class="stacktrace">org.openqa.selenium.SessionNotCreatedException: session not created: This version of ChromeDriver only supports Chrome version 86
Current browser version is 88.0.4324.190 with binary path C:\Program Files (x86)\Google\Chrome\Application\chrome.exe
Build info: version: &apos;3.14.0&apos;, revision: &apos;aacccce0&apos;, time: &apos;2018-08-02T20:19:58.91Z&apos;
System info: host: &apos;LAPTOP-Q5PI5ONK&apos;, ip: &apos;192.168.174.2&apos;, os.name: &apos;Windows 10&apos;, os.arch: &apos;amd64&apos;, os.version: &apos;10.0&apos;, java.version: &apos;14.0.2&apos;
Driver info: driver.version: ChromeDriver
remote stacktrace: Backtrace:
	Ordinal0 [0x0115C013+3194899]
	Ordinal0 [0x01046021+2056225]
	Ordinal0 [0x00EDF608+587272]
	Ordinal0 [0x00E61BF3+72691]
	Ordinal0 [0x00E5E229+57897]
	Ordinal0 [0x00E5C64A+50762]
	Ordinal0 [0x00E81EE9+204521]
	Ordinal0 [0x00E81D0D+204045]
	Ordinal0 [0x00E7FC1B+195611]
	Ordinal0 [0x00E63B7F+80767]
	Ordinal0 [0x00E64B4E+84814]
	Ordinal0 [0x00E64AD9+84697]
	Ordinal0 [0x0105CE64+2149988]
	GetHandleVerifier [0x012CBE95+1400773]
	GetHandleVerifier [0x012CBB61+1399953]
	GetHandleVerifier [0x012D31FA+1430314]
	GetHandleVerifier [0x012CC69F+1402831]
	Ordinal0 [0x01053D61+2112865]
	Ordinal0 [0x0105E5CB+2155979]
	Ordinal0 [0x0105E6F5+2156277]
	Ordinal0 [0x0106F26E+2224750]
	BaseThreadInitThunk [0x76336359+25]
	RtlGetAppContainerNamedObjectPath [0x776F8944+228]
	RtlGetAppContainerNamedObjectPath [0x776F8914+180]

	at org.openqa.selenium.remote.W3CHandshakeResponse.lambda$new$0(W3CHandshakeResponse.java:57)
	at org.openqa.selenium.remote.W3CHandshakeResponse.lambda$getResponseFunction$2(W3CHandshakeResponse.java:104)
	at org.openqa.selenium.remote.ProtocolHandshake.lambda$createSession$0(ProtocolHandshake.java:122)
	at java.base/java.util.stream.ReferencePipeline$3$1.accept(ReferencePipeline.java:195)
	at java.base/java.util.Spliterators$ArraySpliterator.tryAdvance(Spliterators.java:958)
	at java.base/java.util.stream.ReferencePipeline.forEachWithCancel(ReferencePipeline.java:127)
	at java.base/java.util.stream.AbstractPipeline.copyIntoWithCancel(AbstractPipeline.java:502)
	at java.base/java.util.stream.AbstractPipeline.copyInto(AbstractPipeline.java:488)
	at java.base/java.util.stream.AbstractPipeline.wrapAndCopyInto(AbstractPipeline.java:474)
	at java.base/java.util.stream.FindOps$FindOp.evaluateSequential(FindOps.java:150)
	at java.base/java.util.stream.AbstractPipeline.evaluate(AbstractPipeline.java:234)
	at java.base/java.util.stream.ReferencePipeline.findFirst(ReferencePipeline.java:543)
	at org.openqa.selenium.remote.ProtocolHandshake.createSession(ProtocolHandshake.java:125)
	at org.openqa.selenium.remote.ProtocolHandshake.createSession(ProtocolHandshake.java:73)
	at org.openqa.selenium.remote.HttpCommandExecutor.execute(HttpCommandExecutor.java:136)
	at org.openqa.selenium.remote.service.DriverCommandExecutor.execute(DriverCommandExecutor.java:83)
	at org.openqa.selenium.remote.RemoteWebDriver.execute(RemoteWebDriver.java:548)
	at org.openqa.selenium.remote.RemoteWebDriver.startSession(RemoteWebDriver.java:212)
	at org.openqa.selenium.remote.RemoteWebDriver.&lt;init&gt;(RemoteWebDriver.java:130)
	at org.openqa.selenium.chrome.ChromeDriver.&lt;init&gt;(ChromeDriver.java:181)
	at org.openqa.selenium.chrome.ChromeDriver.&lt;init&gt;(ChromeDriver.java:168)
	at org.openqa.selenium.chrome.ChromeDriver.&lt;init&gt;(ChromeDriver.java:157)
	at com.gmail.utility.BrowserFactory.startApplication(BrowserFactory.java:19)
	at com.gmail.pages.Base.configBeforeClass(Base.java:43)
... Removed 30 stack frames</div></td></tr></table><p class="totop"><a href="#summary">back to summary</a></p><h3 id="m9">com.gmail.testCase.LoginTestCRM#mailCount</h3><table class="result"><tr><th>Exception</th></tr><tr><td><div class="stacktrace">org.openqa.selenium.SessionNotCreatedException: session not created: This version of ChromeDriver only supports Chrome version 86
Current browser version is 88.0.4324.190 with binary path C:\Program Files (x86)\Google\Chrome\Application\chrome.exe
Build info: version: &apos;3.14.0&apos;, revision: &apos;aacccce0&apos;, time: &apos;2018-08-02T20:19:58.91Z&apos;
System info: host: &apos;LAPTOP-Q5PI5ONK&apos;, ip: &apos;192.168.174.2&apos;, os.name: &apos;Windows 10&apos;, os.arch: &apos;amd64&apos;, os.version: &apos;10.0&apos;, java.version: &apos;14.0.2&apos;
Driver info: driver.version: ChromeDriver
remote stacktrace: Backtrace:
	Ordinal0 [0x0115C013+3194899]
	Ordinal0 [0x01046021+2056225]
	Ordinal0 [0x00EDF608+587272]
	Ordinal0 [0x00E61BF3+72691]
	Ordinal0 [0x00E5E229+57897]
	Ordinal0 [0x00E5C64A+50762]
	Ordinal0 [0x00E81EE9+204521]
	Ordinal0 [0x00E81D0D+204045]
	Ordinal0 [0x00E7FC1B+195611]
	Ordinal0 [0x00E63B7F+80767]
	Ordinal0 [0x00E64B4E+84814]
	Ordinal0 [0x00E64AD9+84697]
	Ordinal0 [0x0105CE64+2149988]
	GetHandleVerifier [0x012CBE95+1400773]
	GetHandleVerifier [0x012CBB61+1399953]
	GetHandleVerifier [0x012D31FA+1430314]
	GetHandleVerifier [0x012CC69F+1402831]
	Ordinal0 [0x01053D61+2112865]
	Ordinal0 [0x0105E5CB+2155979]
	Ordinal0 [0x0105E6F5+2156277]
	Ordinal0 [0x0106F26E+2224750]
	BaseThreadInitThunk [0x76336359+25]
	RtlGetAppContainerNamedObjectPath [0x776F8944+228]
	RtlGetAppContainerNamedObjectPath [0x776F8914+180]

	at org.openqa.selenium.remote.W3CHandshakeResponse.lambda$new$0(W3CHandshakeResponse.java:57)
	at org.openqa.selenium.remote.W3CHandshakeResponse.lambda$getResponseFunction$2(W3CHandshakeResponse.java:104)
	at org.openqa.selenium.remote.ProtocolHandshake.lambda$createSession$0(ProtocolHandshake.java:122)
	at java.base/java.util.stream.ReferencePipeline$3$1.accept(ReferencePipeline.java:195)
	at java.base/java.util.Spliterators$ArraySpliterator.tryAdvance(Spliterators.java:958)
	at java.base/java.util.stream.ReferencePipeline.forEachWithCancel(ReferencePipeline.java:127)
	at java.base/java.util.stream.AbstractPipeline.copyIntoWithCancel(AbstractPipeline.java:502)
	at java.base/java.util.stream.AbstractPipeline.copyInto(AbstractPipeline.java:488)
	at java.base/java.util.stream.AbstractPipeline.wrapAndCopyInto(AbstractPipeline.java:474)
	at java.base/java.util.stream.FindOps$FindOp.evaluateSequential(FindOps.java:150)
	at java.base/java.util.stream.AbstractPipeline.evaluate(AbstractPipeline.java:234)
	at java.base/java.util.stream.ReferencePipeline.findFirst(ReferencePipeline.java:543)
	at org.openqa.selenium.remote.ProtocolHandshake.createSession(ProtocolHandshake.java:125)
	at org.openqa.selenium.remote.ProtocolHandshake.createSession(ProtocolHandshake.java:73)
	at org.openqa.selenium.remote.HttpCommandExecutor.execute(HttpCommandExecutor.java:136)
	at org.openqa.selenium.remote.service.DriverCommandExecutor.execute(DriverCommandExecutor.java:83)
	at org.openqa.selenium.remote.RemoteWebDriver.execute(RemoteWebDriver.java:548)
	at org.openqa.selenium.remote.RemoteWebDriver.startSession(RemoteWebDriver.java:212)
	at org.openqa.selenium.remote.RemoteWebDriver.&lt;init&gt;(RemoteWebDriver.java:130)
	at org.openqa.selenium.chrome.ChromeDriver.&lt;init&gt;(ChromeDriver.java:181)
	at org.openqa.selenium.chrome.ChromeDriver.&lt;init&gt;(ChromeDriver.java:168)
	at org.openqa.selenium.chrome.ChromeDriver.&lt;init&gt;(ChromeDriver.java:157)
	at com.gmail.utility.BrowserFactory.startApplication(BrowserFactory.java:19)
	at com.gmail.pages.Base.configBeforeClass(Base.java:43)
... Removed 30 stack frames</div></td></tr></table><p class="totop"><a href="#summary">back to summary</a></p><h3 id="m10">com.gmail.testCase.LoginTestCRM#sender</h3><table class="result"><tr><th>Exception</th></tr><tr><td><div class="stacktrace">org.openqa.selenium.SessionNotCreatedException: session not created: This version of ChromeDriver only supports Chrome version 86
Current browser version is 88.0.4324.190 with binary path C:\Program Files (x86)\Google\Chrome\Application\chrome.exe
Build info: version: &apos;3.14.0&apos;, revision: &apos;aacccce0&apos;, time: &apos;2018-08-02T20:19:58.91Z&apos;
System info: host: &apos;LAPTOP-Q5PI5ONK&apos;, ip: &apos;192.168.174.2&apos;, os.name: &apos;Windows 10&apos;, os.arch: &apos;amd64&apos;, os.version: &apos;10.0&apos;, java.version: &apos;14.0.2&apos;
Driver info: driver.version: ChromeDriver
remote stacktrace: Backtrace:
	Ordinal0 [0x0115C013+3194899]
	Ordinal0 [0x01046021+2056225]
	Ordinal0 [0x00EDF608+587272]
	Ordinal0 [0x00E61BF3+72691]
	Ordinal0 [0x00E5E229+57897]
	Ordinal0 [0x00E5C64A+50762]
	Ordinal0 [0x00E81EE9+204521]
	Ordinal0 [0x00E81D0D+204045]
	Ordinal0 [0x00E7FC1B+195611]
	Ordinal0 [0x00E63B7F+80767]
	Ordinal0 [0x00E64B4E+84814]
	Ordinal0 [0x00E64AD9+84697]
	Ordinal0 [0x0105CE64+2149988]
	GetHandleVerifier [0x012CBE95+1400773]
	GetHandleVerifier [0x012CBB61+1399953]
	GetHandleVerifier [0x012D31FA+1430314]
	GetHandleVerifier [0x012CC69F+1402831]
	Ordinal0 [0x01053D61+2112865]
	Ordinal0 [0x0105E5CB+2155979]
	Ordinal0 [0x0105E6F5+2156277]
	Ordinal0 [0x0106F26E+2224750]
	BaseThreadInitThunk [0x76336359+25]
	RtlGetAppContainerNamedObjectPath [0x776F8944+228]
	RtlGetAppContainerNamedObjectPath [0x776F8914+180]

	at org.openqa.selenium.remote.W3CHandshakeResponse.lambda$new$0(W3CHandshakeResponse.java:57)
	at org.openqa.selenium.remote.W3CHandshakeResponse.lambda$getResponseFunction$2(W3CHandshakeResponse.java:104)
	at org.openqa.selenium.remote.ProtocolHandshake.lambda$createSession$0(ProtocolHandshake.java:122)
	at java.base/java.util.stream.ReferencePipeline$3$1.accept(ReferencePipeline.java:195)
	at java.base/java.util.Spliterators$ArraySpliterator.tryAdvance(Spliterators.java:958)
	at java.base/java.util.stream.ReferencePipeline.forEachWithCancel(ReferencePipeline.java:127)
	at java.base/java.util.stream.AbstractPipeline.copyIntoWithCancel(AbstractPipeline.java:502)
	at java.base/java.util.stream.AbstractPipeline.copyInto(AbstractPipeline.java:488)
	at java.base/java.util.stream.AbstractPipeline.wrapAndCopyInto(AbstractPipeline.java:474)
	at java.base/java.util.stream.FindOps$FindOp.evaluateSequential(FindOps.java:150)
	at java.base/java.util.stream.AbstractPipeline.evaluate(AbstractPipeline.java:234)
	at java.base/java.util.stream.ReferencePipeline.findFirst(ReferencePipeline.java:543)
	at org.openqa.selenium.remote.ProtocolHandshake.createSession(ProtocolHandshake.java:125)
	at org.openqa.selenium.remote.ProtocolHandshake.createSession(ProtocolHandshake.java:73)
	at org.openqa.selenium.remote.HttpCommandExecutor.execute(HttpCommandExecutor.java:136)
	at org.openqa.selenium.remote.service.DriverCommandExecutor.execute(DriverCommandExecutor.java:83)
	at org.openqa.selenium.remote.RemoteWebDriver.execute(RemoteWebDriver.java:548)
	at org.openqa.selenium.remote.RemoteWebDriver.startSession(RemoteWebDriver.java:212)
	at org.openqa.selenium.remote.RemoteWebDriver.&lt;init&gt;(RemoteWebDriver.java:130)
	at org.openqa.selenium.chrome.ChromeDriver.&lt;init&gt;(ChromeDriver.java:181)
	at org.openqa.selenium.chrome.ChromeDriver.&lt;init&gt;(ChromeDriver.java:168)
	at org.openqa.selenium.chrome.ChromeDriver.&lt;init&gt;(ChromeDriver.java:157)
	at com.gmail.utility.BrowserFactory.startApplication(BrowserFactory.java:19)
	at com.gmail.pages.Base.configBeforeClass(Base.java:43)
... Removed 30 stack frames</div></td></tr></table><p class="totop"><a href="#summary">back to summary</a></p></body></html>